android/build/intermediates/manifest_merge_blame_file/debug/manifest-merger-blame-debug-report.txt
1<?xml version="1.0" encoding="utf-8"?>
2<manifest xmlns:android="http://schemas.android.com/apk/res/android"
3    package="com.mygame"
4    android:versionCode="1"
5    android:versionName="1.0" >
6
7    <uses-sdk
8        android:minSdkVersion="21"
9        android:targetSdkVersion="34" />
10
11    <uses-feature
11-->src\main\AndroidManifest.xml:4:5-78
12        android:glEsVersion="0x00020000"
12-->src\main\AndroidManifest.xml:4:19-51
13        android:required="true" />
13-->src\main\AndroidManifest.xml:4:52-75
14
15    <uses-permission android:name="android.permission.INTERNET" />
15-->src\main\AndroidManifest.xml:5:5-67
15-->src\main\AndroidManifest.xml:5:22-64
16    <uses-permission android:name="android.permission.WRITE_EXTERNAL_STORAGE" />
16-->src\main\AndroidManifest.xml:6:5-81
16-->src\main\AndroidManifest.xml:6:22-78
17
18    <application
18-->src\main\AndroidManifest.xml:8:5-26:19
19        android:allowBackup="true"
19-->src\main\AndroidManifest.xml:9:9-35
20        android:debuggable="true"
21        android:extractNativeLibs="true"
22        android:hardwareAccelerated="true"
22-->src\main\AndroidManifest.xml:13:9-43
23        android:icon="@android:drawable/sym_def_app_icon"
23-->src\main\AndroidManifest.xml:10:9-58
24        android:label="Exorcist"
24-->src\main\AndroidManifest.xml:11:9-33
25        android:theme="@android:style/Theme.NoTitleBar.Fullscreen" >
25-->src\main\AndroidManifest.xml:12:9-67
26        <activity
26-->src\main\AndroidManifest.xml:14:9-25:20
27            android:name="com.mygame.ExorcistActivity"
27-->src\main\AndroidManifest.xml:15:13-55
28            android:configChanges="keyboardHidden|orientation|screenSize"
28-->src\main\AndroidManifest.xml:18:13-74
29            android:exported="true"
29-->src\main\AndroidManifest.xml:16:13-36
30            android:imeOptions="actionDone"
30-->src\main\AndroidManifest.xml:20:13-44
31            android:screenOrientation="landscape"
31-->src\main\AndroidManifest.xml:17:13-50
32            android:windowSoftInputMode="adjustResize|stateVisible" >
32-->src\main\AndroidManifest.xml:19:13-68
33            <intent-filter>
33-->src\main\AndroidManifest.xml:21:13-24:29
34                <action android:name="android.intent.action.MAIN" />
34-->src\main\AndroidManifest.xml:22:17-69
34-->src\main\AndroidManifest.xml:22:25-66
35
36                <category android:name="android.intent.category.LAUNCHER" />
36-->src\main\AndroidManifest.xml:23:17-77
36-->src\main\AndroidManifest.xml:23:27-74
37            </intent-filter>
38        </activity>
39    </application>
40
41</manifest>